<?xml version="1.0" encoding="UTF-8"?>
<testsuite xmlns:xsi="http://www.w3.org/2001/XMLSchema-instance" xsi:noNamespaceSchemaLocation="https://maven.apache.org/surefire/maven-surefire-plugin/xsd/surefire-test-report.xsd" name="com.example.demo.controller.FileDetailsControllerTest" time="3.676" tests="5" errors="0" skipped="0" failures="0">
  <properties>
[...]
</properties>
  <testcase name="getAllFileDetails_shouldReturnInternalServerError_onSQLException" classname="com.example.demo.controller.FileDetailsControllerTest" time="0.122"/>
  <testcase name="getAllFileDetails_shouldReturnEmptyList_whenNoFiles_onSuccess" classname="com.example.demo.controller.FileDetailsControllerTest" time="0.075"/>
  <testcase name="saveFileDetails_shouldReturnInternalServerError_onSQLException" classname="com.example.demo.controller.FileDetailsControllerTest" time="0.101"/>
  <testcase name="saveFileDetails_shouldReturnOkWithMessage_onSuccess" classname="com.example.demo.controller.FileDetailsControllerTest" time="0.014"/>
  <testcase name="getAllFileDetails_shouldReturnListOfFileDetails_onSuccess" classname="com.example.demo.controller.FileDetailsControllerTest" time="0.012"/>
</testsuite>